<?xml version="1.0" encoding="UTF-8"?>
<!-- Generated by org.testng.reporters.JUnitReportReporter -->
<testsuite hostname="LAPTOP-A05LVLGA" failures="0" tests="2" name="tests.Testing2" time="0.000" errors="0" timestamp="04 Sep. 2022 16:48:34 GMT" skipped="0">
  <testcase classname="tests.Testing2" name="test3" time="0.000"/>
  <testcase classname="tests.Testing2" name="test4" time="0.000"/>
</testsuite> <!-- tests.Testing2 -->
