<?xml version="1.0" encoding="UTF-8"?>
<!-- Generated by org.testng.reporters.JUnitReportReporter -->
<testsuite hostname="LAPTOP-A05LVLGA" failures="0" tests="4" name="tests.Testing1" time="0.016" errors="0" timestamp="04 Sep. 2022 16:48:34 GMT" skipped="0">
  <testcase classname="tests.Testing1" name="test2" time="0.003"/>
  <testcase classname="tests.Testing1" name="abc" time="0.006"/>
  <testcase classname="tests.Testing1" name="test1" time="0.004"/>
  <testcase classname="tests.Testing1" name="abc" time="0.003"/>
</testsuite> <!-- tests.Testing1 -->
