<?xml version="1.0" encoding="UTF-8"?>
<!-- Generated by org.testng.reporters.JUnitReportReporter -->
<testsuite hostname="LAPTOP-A05LVLGA" failures="0" tests="1" name="tests.AppTest" time="0.005" errors="0" timestamp="04 Sep. 2022 16:48:34 GMT" skipped="0">
  <testcase classname="tests.AppTest" name="shouldAnswerWithTrue" time="0.005"/>
</testsuite> <!-- tests.AppTest -->
