<?xml version="1.0" encoding="UTF-8"?>
<!-- Generated by org.testng.reporters.JUnitReportReporter -->
<testsuite hostname="LAPTOP-A05LVLGA" failures="0" tests="4" name="tests.Testing1" time="0.014" errors="0" timestamp="04 Sep. 2022 16:34:37 GMT" skipped="0">
  <testcase classname="tests.Testing1" name="test1" time="0.003"/>
  <testcase classname="tests.Testing1" name="abc" time="0.007"/>
  <testcase classname="tests.Testing1" name="abc" time="0.002"/>
  <testcase classname="tests.Testing1" name="test2" time="0.002"/>
</testsuite> <!-- tests.Testing1 -->
